<?xml version="1.0" encoding="UTF-8"?>
<testng-results skipped="0" failed="0" ignored="0" total="1" passed="1">
  <reporter-output>
  </reporter-output>
  <suite name="Default suite" duration-ms="87" started-at="2022-10-02T00:53:17 IST" finished-at="2022-10-02T00:53:17 IST">
    <groups>
    </groups>
    <test name="Default test" duration-ms="87" started-at="2022-10-02T00:53:17 IST" finished-at="2022-10-02T00:53:17 IST">
      <class name="com.jbk.FirstTest">
        <test-method status="PASS" signature="test01()[pri:0, instance:com.jbk.FirstTest@5a8806ef]" name="test01" duration-ms="15" started-at="2022-10-02T00:53:17 IST" finished-at="2022-10-02T00:53:17 IST">
          <reporter-output>
          </reporter-output>
        </test-method> <!-- test01 -->
      </class> <!-- com.jbk.FirstTest -->
    </test> <!-- Default test -->
  </suite> <!-- Default suite -->
</testng-results>
